<?xml version="1.0" encoding="UTF-8"?>
<!-- Generated by org.testng.reporters.JUnitReportReporter -->
<testsuite skipped="38" hostname="LAPTOP-Q18VUQ5U" name="org.com.automation.practise.AllNewLogics" tests="42" failures="0" timestamp="15 Aug 2019 17:26:56 GMT" time="546.923" errors="2">
  <testcase name="test24" time="0.047" classname="org.com.automation.practise.AllNewLogics"/>
  <testcase name="test24" time="353.401" classname="org.com.automation.practise.AllNewLogics">
    <error type="org.openqa.selenium.TimeoutException" message="Timeout loading page after 300000ms
Build info: version: &#039;3.11.0&#039;, revision: &#039;e59cfb3&#039;, time: &#039;2018-03-11T20:26:55.152Z&#039;
System info: host: &#039;LAPTOP-Q18VUQ5U&#039;, ip: &#039;192.168.205.1&#039;, os.name: &#039;Windows 10&#039;, os.arch: &#039;amd64&#039;, os.version: &#039;10.0&#039;, java.version: &#039;1.8.0_201&#039;
Driver info: org.openqa.selenium.firefox.FirefoxDriver
Capabilities {acceptInsecureCerts: true, browserName: firefox, browserVersion: 59.0.1, javascriptEnabled: true, moz:accessibilityChecks: false, moz:geckodriverVersion: 0.23.0, moz:headless: false, moz:processID: 3080, moz:profile: C:\Users\Preeti Kotnis\AppD..., moz:useNonSpecCompliantPointerOrigin: false, moz:webdriverClick: true, pageLoadStrategy: normal, platform: XP, platformName: XP, platformVersion: 10.0, rotatable: false, timeouts: {implicit: 0, pageLoad: 300000, script: 30000}}
Session ID: 40c36794-2bf6-4b4c-9cdb-6ed31245f4a1">
      <![CDATA[org.openqa.selenium.TimeoutException: Timeout loading page after 300000ms
Build info: version: '3.11.0', revision: 'e59cfb3', time: '2018-03-11T20:26:55.152Z'
System info: host: 'LAPTOP-Q18VUQ5U', ip: '192.168.205.1', os.name: 'Windows 10', os.arch: 'amd64', os.version: '10.0', java.version: '1.8.0_201'
Driver info: org.openqa.selenium.firefox.FirefoxDriver
Capabilities {acceptInsecureCerts: true, browserName: firefox, browserVersion: 59.0.1, javascriptEnabled: true, moz:accessibilityChecks: false, moz:geckodriverVersion: 0.23.0, moz:headless: false, moz:processID: 3080, moz:profile: C:\Users\Preeti Kotnis\AppD..., moz:useNonSpecCompliantPointerOrigin: false, moz:webdriverClick: true, pageLoadStrategy: normal, platform: XP, platformName: XP, platformVersion: 10.0, rotatable: false, timeouts: {implicit: 0, pageLoad: 300000, script: 30000}}
Session ID: 40c36794-2bf6-4b4c-9cdb-6ed31245f4a1
at sun.reflect.NativeConstructorAccessorImpl.newInstance0(Native Method)
at sun.reflect.NativeConstructorAccessorImpl.newInstance(Unknown Source)
at sun.reflect.DelegatingConstructorAccessorImpl.newInstance(Unknown Source)
at java.lang.reflect.Constructor.newInstance(Unknown Source)
at org.openqa.selenium.remote.http.W3CHttpResponseCodec.createException(W3CHttpResponseCodec.java:187)
at org.openqa.selenium.remote.http.W3CHttpResponseCodec.decode(W3CHttpResponseCodec.java:122)
at org.openqa.selenium.remote.http.W3CHttpResponseCodec.decode(W3CHttpResponseCodec.java:49)
at org.openqa.selenium.remote.HttpCommandExecutor.execute(HttpCommandExecutor.java:158)
at org.openqa.selenium.remote.service.DriverCommandExecutor.execute(DriverCommandExecutor.java:83)
at org.openqa.selenium.remote.RemoteWebDriver.execute(RemoteWebDriver.java:545)
at org.openqa.selenium.remote.RemoteWebDriver.get(RemoteWebDriver.java:273)
at org.com.automation.practise.AllNewLogics.test24(AllNewLogics.java:737)
at sun.reflect.NativeMethodAccessorImpl.invoke0(Native Method)
at sun.reflect.NativeMethodAccessorImpl.invoke(Unknown Source)
at sun.reflect.DelegatingMethodAccessorImpl.invoke(Unknown Source)
at java.lang.reflect.Method.invoke(Unknown Source)
at org.testng.internal.MethodInvocationHelper.invokeMethod(MethodInvocationHelper.java:124)
at org.testng.internal.Invoker.invokeMethod(Invoker.java:580)
at org.testng.internal.Invoker.invokeTestMethod(Invoker.java:716)
at org.testng.internal.Invoker.invokeTestMethods(Invoker.java:988)
at org.testng.internal.TestMethodWorker.invokeTestMethods(TestMethodWorker.java:125)
at org.testng.internal.TestMethodWorker.run(TestMethodWorker.java:109)
at org.testng.TestRunner.privateRun(TestRunner.java:648)
at org.testng.TestRunner.run(TestRunner.java:505)
at org.testng.SuiteRunner.runTest(SuiteRunner.java:455)
at org.testng.SuiteRunner.access$000(SuiteRunner.java:40)
at org.testng.SuiteRunner$SuiteWorker.run(SuiteRunner.java:489)
at org.testng.internal.thread.ThreadUtil$1.call(ThreadUtil.java:52)
at java.util.concurrent.FutureTask.run(Unknown Source)
at java.util.concurrent.ThreadPoolExecutor.runWorker(Unknown Source)
at java.util.concurrent.ThreadPoolExecutor$Worker.run(Unknown Source)
at java.lang.Thread.run(Unknown Source)
]]>
    </error>
  </testcase> <!-- test24 -->
  <testcase name="test24" time="193.428" classname="org.com.automation.practise.AllNewLogics">
    <error type="org.openqa.selenium.NoSuchElementException" message="no such element: Unable to locate element: {&quot;method&quot;:&quot;xpath&quot;,&quot;selector&quot;:&quot;//input[@id=&#039;email&#039;]&quot;}
  (Session info: chrome=76.0.3809.100)
  (Driver info: chromedriver=2.36.540470 (e522d04694c7ebea4ba8821272dbef4f9b818c91),platform=Windows NT 10.0.17134 x86_64) (WARNING: The server did not provide any stacktrace information)
Command duration or timeout: 0 milliseconds
For documentation on this error, please visit: http://seleniumhq.org/exceptions/no_such_element.html
Build info: version: &#039;3.11.0&#039;, revision: &#039;e59cfb3&#039;, time: &#039;2018-03-11T20:26:55.152Z&#039;
System info: host: &#039;LAPTOP-Q18VUQ5U&#039;, ip: &#039;192.168.205.1&#039;, os.name: &#039;Windows 10&#039;, os.arch: &#039;amd64&#039;, os.version: &#039;10.0&#039;, java.version: &#039;1.8.0_201&#039;
Driver info: org.openqa.selenium.chrome.ChromeDriver
Capabilities {acceptInsecureCerts: false, acceptSslCerts: false, applicationCacheEnabled: false, browserConnectionEnabled: false, browserName: chrome, chrome: {chromedriverVersion: 2.36.540470 (e522d04694c7eb..., userDataDir: C:\Users\PREETI~1\AppData\L...}, cssSelectorsEnabled: true, databaseEnabled: false, handlesAlerts: true, hasTouchScreen: false, javascriptEnabled: true, locationContextEnabled: true, mobileEmulationEnabled: false, nativeEvents: true, networkConnectionEnabled: false, pageLoadStrategy: normal, platform: XP, platformName: XP, rotatable: false, setWindowRect: true, takesHeapSnapshot: true, takesScreenshot: true, unexpectedAlertBehaviour: , unhandledPromptBehavior: , version: 76.0.3809.100, webStorageEnabled: true}
Session ID: 28ee1870488f5fc7bc8ba17e27716f7d
*** Element info: {Using=xpath, value=//input[@id=&#039;email&#039;]}">
      <![CDATA[org.openqa.selenium.NoSuchElementException: no such element: Unable to locate element: {"method":"xpath","selector":"//input[@id='email']"}
  (Session info: chrome=76.0.3809.100)
  (Driver info: chromedriver=2.36.540470 (e522d04694c7ebea4ba8821272dbef4f9b818c91),platform=Windows NT 10.0.17134 x86_64) (WARNING: The server did not provide any stacktrace information)
Command duration or timeout: 0 milliseconds
For documentation on this error, please visit: http://seleniumhq.org/exceptions/no_such_element.html
Build info: version: '3.11.0', revision: 'e59cfb3', time: '2018-03-11T20:26:55.152Z'
System info: host: 'LAPTOP-Q18VUQ5U', ip: '192.168.205.1', os.name: 'Windows 10', os.arch: 'amd64', os.version: '10.0', java.version: '1.8.0_201'
Driver info: org.openqa.selenium.chrome.ChromeDriver
Capabilities {acceptInsecureCerts: false, acceptSslCerts: false, applicationCacheEnabled: false, browserConnectionEnabled: false, browserName: chrome, chrome: {chromedriverVersion: 2.36.540470 (e522d04694c7eb..., userDataDir: C:\Users\PREETI~1\AppData\L...}, cssSelectorsEnabled: true, databaseEnabled: false, handlesAlerts: true, hasTouchScreen: false, javascriptEnabled: true, locationContextEnabled: true, mobileEmulationEnabled: false, nativeEvents: true, networkConnectionEnabled: false, pageLoadStrategy: normal, platform: XP, platformName: XP, rotatable: false, setWindowRect: true, takesHeapSnapshot: true, takesScreenshot: true, unexpectedAlertBehaviour: , unhandledPromptBehavior: , version: 76.0.3809.100, webStorageEnabled: true}
Session ID: 28ee1870488f5fc7bc8ba17e27716f7d
*** Element info: {Using=xpath, value=//input[@id='email']}
at sun.reflect.NativeConstructorAccessorImpl.newInstance0(Native Method)
at sun.reflect.NativeConstructorAccessorImpl.newInstance(Unknown Source)
at sun.reflect.DelegatingConstructorAccessorImpl.newInstance(Unknown Source)
at java.lang.reflect.Constructor.newInstance(Unknown Source)
at org.openqa.selenium.remote.ErrorHandler.createThrowable(ErrorHandler.java:214)
at org.openqa.selenium.remote.ErrorHandler.throwIfResponseFailed(ErrorHandler.java:166)
at org.openqa.selenium.remote.http.JsonHttpResponseCodec.reconstructValue(JsonHttpResponseCodec.java:40)
at org.openqa.selenium.remote.http.AbstractHttpResponseCodec.decode(AbstractHttpResponseCodec.java:80)
at org.openqa.selenium.remote.http.AbstractHttpResponseCodec.decode(AbstractHttpResponseCodec.java:44)
at org.openqa.selenium.remote.HttpCommandExecutor.execute(HttpCommandExecutor.java:158)
at org.openqa.selenium.remote.service.DriverCommandExecutor.execute(DriverCommandExecutor.java:83)
at org.openqa.selenium.remote.RemoteWebDriver.execute(RemoteWebDriver.java:545)
at org.openqa.selenium.remote.RemoteWebDriver.findElement(RemoteWebDriver.java:319)
at org.openqa.selenium.remote.RemoteWebDriver.findElementByXPath(RemoteWebDriver.java:421)
at org.openqa.selenium.By$ByXPath.findElement(By.java:361)
at org.openqa.selenium.remote.RemoteWebDriver.findElement(RemoteWebDriver.java:311)
at org.com.automation.practise.AllNewLogics.test24(AllNewLogics.java:738)
at sun.reflect.NativeMethodAccessorImpl.invoke0(Native Method)
at sun.reflect.NativeMethodAccessorImpl.invoke(Unknown Source)
at sun.reflect.DelegatingMethodAccessorImpl.invoke(Unknown Source)
at java.lang.reflect.Method.invoke(Unknown Source)
at org.testng.internal.MethodInvocationHelper.invokeMethod(MethodInvocationHelper.java:124)
at org.testng.internal.Invoker.invokeMethod(Invoker.java:580)
at org.testng.internal.Invoker.invokeTestMethod(Invoker.java:716)
at org.testng.internal.Invoker.invokeTestMethods(Invoker.java:988)
at org.testng.internal.TestMethodWorker.invokeTestMethods(TestMethodWorker.java:125)
at org.testng.internal.TestMethodWorker.run(TestMethodWorker.java:109)
at org.testng.TestRunner.privateRun(TestRunner.java:648)
at org.testng.TestRunner.run(TestRunner.java:505)
at org.testng.SuiteRunner.runTest(SuiteRunner.java:455)
at org.testng.SuiteRunner.access$000(SuiteRunner.java:40)
at org.testng.SuiteRunner$SuiteWorker.run(SuiteRunner.java:489)
at org.testng.internal.thread.ThreadUtil$1.call(ThreadUtil.java:52)
at java.util.concurrent.FutureTask.run(Unknown Source)
at java.util.concurrent.ThreadPoolExecutor.runWorker(Unknown Source)
at java.util.concurrent.ThreadPoolExecutor$Worker.run(Unknown Source)
at java.lang.Thread.run(Unknown Source)
]]>
    </error>
  </testcase> <!-- test24 -->
  <testcase name="test24" time="0.047" classname="org.com.automation.practise.AllNewLogics"/>
  <testcase name="test19" classname="org.com.automation.practise.AllNewLogics">
    <skipped/>
  </testcase> <!-- test19 -->
  <testcase name="test19" classname="org.com.automation.practise.AllNewLogics">
    <skipped/>
  </testcase> <!-- test19 -->
  <testcase name="test18" classname="org.com.automation.practise.AllNewLogics">
    <skipped/>
  </testcase> <!-- test18 -->
  <testcase name="test18" classname="org.com.automation.practise.AllNewLogics">
    <skipped/>
  </testcase> <!-- test18 -->
  <testcase name="test1" classname="org.com.automation.practise.AllNewLogics">
    <skipped/>
  </testcase> <!-- test1 -->
  <testcase name="test1" classname="org.com.automation.practise.AllNewLogics">
    <skipped/>
  </testcase> <!-- test1 -->
  <testcase name="test15" classname="org.com.automation.practise.AllNewLogics">
    <skipped/>
  </testcase> <!-- test15 -->
  <testcase name="test15" classname="org.com.automation.practise.AllNewLogics">
    <skipped/>
  </testcase> <!-- test15 -->
  <testcase name="test14" classname="org.com.automation.practise.AllNewLogics">
    <skipped/>
  </testcase> <!-- test14 -->
  <testcase name="test14" classname="org.com.automation.practise.AllNewLogics">
    <skipped/>
  </testcase> <!-- test14 -->
  <testcase name="test16" classname="org.com.automation.practise.AllNewLogics">
    <skipped/>
  </testcase> <!-- test16 -->
  <testcase name="test16" classname="org.com.automation.practise.AllNewLogics">
    <skipped/>
  </testcase> <!-- test16 -->
  <testcase name="test17" classname="org.com.automation.practise.AllNewLogics">
    <skipped/>
  </testcase> <!-- test17 -->
  <testcase name="test17" classname="org.com.automation.practise.AllNewLogics">
    <skipped/>
  </testcase> <!-- test17 -->
  <testcase name="test20" classname="org.com.automation.practise.AllNewLogics">
    <skipped/>
  </testcase> <!-- test20 -->
  <testcase name="test20" classname="org.com.automation.practise.AllNewLogics">
    <skipped/>
  </testcase> <!-- test20 -->
  <testcase name="test25" classname="org.com.automation.practise.AllNewLogics">
    <skipped/>
  </testcase> <!-- test25 -->
  <testcase name="test25" classname="org.com.automation.practise.AllNewLogics">
    <skipped/>
  </testcase> <!-- test25 -->
  <testcase name="test22" classname="org.com.automation.practise.AllNewLogics">
    <skipped/>
  </testcase> <!-- test22 -->
  <testcase name="test22" classname="org.com.automation.practise.AllNewLogics">
    <skipped/>
  </testcase> <!-- test22 -->
  <testcase name="test21" classname="org.com.automation.practise.AllNewLogics">
    <skipped/>
  </testcase> <!-- test21 -->
  <testcase name="test21" classname="org.com.automation.practise.AllNewLogics">
    <skipped/>
  </testcase> <!-- test21 -->
  <testcase name="test23" classname="org.com.automation.practise.AllNewLogics">
    <skipped/>
  </testcase> <!-- test23 -->
  <testcase name="test23" classname="org.com.automation.practise.AllNewLogics">
    <skipped/>
  </testcase> <!-- test23 -->
  <testcase name="make_get_request" classname="org.com.automation.practise.AllNewLogics">
    <skipped/>
  </testcase> <!-- make_get_request -->
  <testcase name="make_get_request" classname="org.com.automation.practise.AllNewLogics">
    <skipped/>
  </testcase> <!-- make_get_request -->
  <testcase name="test2" classname="org.com.automation.practise.AllNewLogics">
    <skipped/>
  </testcase> <!-- test2 -->
  <testcase name="test2" classname="org.com.automation.practise.AllNewLogics">
    <skipped/>
  </testcase> <!-- test2 -->
  <testcase name="test3" classname="org.com.automation.practise.AllNewLogics">
    <skipped/>
  </testcase> <!-- test3 -->
  <testcase name="test3" classname="org.com.automation.practise.AllNewLogics">
    <skipped/>
  </testcase> <!-- test3 -->
  <testcase name="test4" classname="org.com.automation.practise.AllNewLogics">
    <skipped/>
  </testcase> <!-- test4 -->
  <testcase name="test4" classname="org.com.automation.practise.AllNewLogics">
    <skipped/>
  </testcase> <!-- test4 -->
  <testcase name="square" classname="org.com.automation.practise.AllNewLogics">
    <skipped/>
  </testcase> <!-- square -->
  <testcase name="test5" classname="org.com.automation.practise.AllNewLogics">
    <skipped/>
  </testcase> <!-- test5 -->
  <testcase name="square" classname="org.com.automation.practise.AllNewLogics">
    <skipped/>
  </testcase> <!-- square -->
  <testcase name="test5" classname="org.com.automation.practise.AllNewLogics">
    <skipped/>
  </testcase> <!-- test5 -->
  <testcase name="test6" classname="org.com.automation.practise.AllNewLogics">
    <skipped/>
  </testcase> <!-- test6 -->
  <testcase name="test6" classname="org.com.automation.practise.AllNewLogics">
    <skipped/>
  </testcase> <!-- test6 -->
</testsuite> <!-- org.com.automation.practise.AllNewLogics -->
