<?xml version="1.0" encoding="UTF-8"?>
<!-- Generated by org.testng.reporters.JUnitXMLReporter -->
<testsuite hostname="LAPTOP-Q18VUQ5U" ignored="21" name="chrome test" tests="2" failures="1" timestamp="15 Aug 2019 17:24:16 GMT" time="193.608" errors="0">
  <testcase name="test24" time="0.047" classname="org.com.automation.practise.AllNewLogics"/>
  <testcase name="test24" time="193.428" classname="org.com.automation.practise.AllNewLogics">
    <failure type="org.openqa.selenium.NoSuchElementException" message="no such element: Unable to locate element: {&amp;quot;method&amp;quot;:&amp;quot;xpath&amp;quot;,&amp;quot;selector&amp;quot;:&amp;quot;//input[@id=&amp;apos;email&amp;apos;]&amp;quot;}
  (Session info: chrome=76.0.3809.100)
  (Driver info: chromedriver=2.36.540470 (e522d04694c7ebea4ba8821272dbef4f9b818c91),platform=Windows NT 10.0.17134 x86_64) (WARNING: The server did not provide any stacktrace information)
Command duration or timeout: 0 milliseconds
For documentation on this error, please visit: http://seleniumhq.org/exceptions/no_such_element.html
Build info: version: &amp;apos;3.11.0&amp;apos;, revision: &amp;apos;e59cfb3&amp;apos;, time: &amp;apos;2018-03-11T20:26:55.152Z&amp;apos;
System info: host: &amp;apos;LAPTOP-Q18VUQ5U&amp;apos;, ip: &amp;apos;192.168.205.1&amp;apos;, os.name: &amp;apos;Windows 10&amp;apos;, os.arch: &amp;apos;amd64&amp;apos;, os.version: &amp;apos;10.0&amp;apos;, java.version: &amp;apos;1.8.0_201&amp;apos;
Driver info: org.openqa.selenium.chrome.ChromeDriver
Capabilities {acceptInsecureCerts: false, acceptSslCerts: false, applicationCacheEnabled: false, browserConnectionEnabled: false, browserName: chrome, chrome: {chromedriverVersion: 2.36.540470 (e522d04694c7eb..., userDataDir: C:\Users\PREETI~1\AppData\L...}, cssSelectorsEnabled: true, databaseEnabled: false, handlesAlerts: true, hasTouchScreen: false, javascriptEnabled: true, locationContextEnabled: true, mobileEmulationEnabled: false, nativeEvents: true, networkConnectionEnabled: false, pageLoadStrategy: normal, platform: XP, platformName: XP, rotatable: false, setWindowRect: true, takesHeapSnapshot: true, takesScreenshot: true, unexpectedAlertBehaviour: , unhandledPromptBehavior: , version: 76.0.3809.100, webStorageEnabled: true}
Session ID: 28ee1870488f5fc7bc8ba17e27716f7d
*** Element info: {Using=xpath, value=//input[@id=&amp;apos;email&amp;apos;]}">
      <![CDATA[org.openqa.selenium.NoSuchElementException: no such element: Unable to locate element: {"method":"xpath","selector":"//input[@id='email']"}
  (Session info: chrome=76.0.3809.100)
  (Driver info: chromedriver=2.36.540470 (e522d04694c7ebea4ba8821272dbef4f9b818c91),platform=Windows NT 10.0.17134 x86_64) (WARNING: The server did not provide any stacktrace information)
Command duration or timeout: 0 milliseconds
For documentation on this error, please visit: http://seleniumhq.org/exceptions/no_such_element.html
Build info: version: '3.11.0', revision: 'e59cfb3', time: '2018-03-11T20:26:55.152Z'
System info: host: 'LAPTOP-Q18VUQ5U', ip: '192.168.205.1', os.name: 'Windows 10', os.arch: 'amd64', os.version: '10.0', java.version: '1.8.0_201'
Driver info: org.openqa.selenium.chrome.ChromeDriver
Capabilities {acceptInsecureCerts: false, acceptSslCerts: false, applicationCacheEnabled: false, browserConnectionEnabled: false, browserName: chrome, chrome: {chromedriverVersion: 2.36.540470 (e522d04694c7eb..., userDataDir: C:\Users\PREETI~1\AppData\L...}, cssSelectorsEnabled: true, databaseEnabled: false, handlesAlerts: true, hasTouchScreen: false, javascriptEnabled: true, locationContextEnabled: true, mobileEmulationEnabled: false, nativeEvents: true, networkConnectionEnabled: false, pageLoadStrategy: normal, platform: XP, platformName: XP, rotatable: false, setWindowRect: true, takesHeapSnapshot: true, takesScreenshot: true, unexpectedAlertBehaviour: , unhandledPromptBehavior: , version: 76.0.3809.100, webStorageEnabled: true}
Session ID: 28ee1870488f5fc7bc8ba17e27716f7d
*** Element info: {Using=xpath, value=//input[@id='email']}
at org.openqa.selenium.remote.ErrorHandler.createThrowable(ErrorHandler.java:214)
at org.openqa.selenium.remote.ErrorHandler.throwIfResponseFailed(ErrorHandler.java:166)
at org.openqa.selenium.remote.http.JsonHttpResponseCodec.reconstructValue(JsonHttpResponseCodec.java:40)
at org.openqa.selenium.remote.http.AbstractHttpResponseCodec.decode(AbstractHttpResponseCodec.java:80)
at org.openqa.selenium.remote.http.AbstractHttpResponseCodec.decode(AbstractHttpResponseCodec.java:44)
at org.openqa.selenium.remote.HttpCommandExecutor.execute(HttpCommandExecutor.java:158)
at org.openqa.selenium.remote.service.DriverCommandExecutor.execute(DriverCommandExecutor.java:83)
at org.openqa.selenium.remote.RemoteWebDriver.execute(RemoteWebDriver.java:545)
at org.openqa.selenium.remote.RemoteWebDriver.findElement(RemoteWebDriver.java:319)
at org.openqa.selenium.remote.RemoteWebDriver.findElementByXPath(RemoteWebDriver.java:421)
at org.openqa.selenium.By$ByXPath.findElement(By.java:361)
at org.openqa.selenium.remote.RemoteWebDriver.findElement(RemoteWebDriver.java:311)
at org.com.automation.practise.AllNewLogics.test24(AllNewLogics.java:738)
at java.util.concurrent.FutureTask.run(Unknown Source)
at java.util.concurrent.ThreadPoolExecutor.runWorker(Unknown Source)
at java.util.concurrent.ThreadPoolExecutor$Worker.run(Unknown Source)
at java.lang.Thread.run(Unknown Source)
... Removed 20 stack frames]]>
    </failure>
  </testcase> <!-- test24 -->
  <testcase name="test20" time="0.0" classname="org.com.automation.practise.AllNewLogics">
    <ignored/>
  </testcase> <!-- test20 -->
  <testcase name="test19" time="0.0" classname="org.com.automation.practise.AllNewLogics">
    <ignored/>
  </testcase> <!-- test19 -->
  <testcase name="test18" time="0.0" classname="org.com.automation.practise.AllNewLogics">
    <ignored/>
  </testcase> <!-- test18 -->
  <testcase name="test1" time="0.0" classname="org.com.automation.practise.AllNewLogics">
    <ignored/>
  </testcase> <!-- test1 -->
  <testcase name="test15" time="0.0" classname="org.com.automation.practise.AllNewLogics">
    <ignored/>
  </testcase> <!-- test15 -->
  <testcase name="test25" time="0.0" classname="org.com.automation.practise.AllNewLogics">
    <ignored/>
  </testcase> <!-- test25 -->
  <testcase name="test25" time="0.0" classname="org.com.automation.practise.AllNewLogics">
    <ignored/>
  </testcase> <!-- test25 -->
  <testcase name="test14" time="0.0" classname="org.com.automation.practise.AllNewLogics">
    <ignored/>
  </testcase> <!-- test14 -->
  <testcase name="test16" time="0.0" classname="org.com.automation.practise.AllNewLogics">
    <ignored/>
  </testcase> <!-- test16 -->
  <testcase name="test22" time="0.0" classname="org.com.automation.practise.AllNewLogics">
    <ignored/>
  </testcase> <!-- test22 -->
  <testcase name="test21" time="0.0" classname="org.com.automation.practise.AllNewLogics">
    <ignored/>
  </testcase> <!-- test21 -->
  <testcase name="test13" time="0.0" classname="org.com.automation.practise.AllNewLogics">
    <ignored/>
  </testcase> <!-- test13 -->
  <testcase name="test23" time="0.0" classname="org.com.automation.practise.AllNewLogics">
    <ignored/>
  </testcase> <!-- test23 -->
  <testcase name="make_get_request" time="0.0" classname="org.com.automation.practise.AllNewLogics">
    <ignored/>
  </testcase> <!-- make_get_request -->
  <testcase name="test2" time="0.0" classname="org.com.automation.practise.AllNewLogics">
    <ignored/>
  </testcase> <!-- test2 -->
  <testcase name="test3" time="0.0" classname="org.com.automation.practise.AllNewLogics">
    <ignored/>
  </testcase> <!-- test3 -->
  <testcase name="test4" time="0.0" classname="org.com.automation.practise.AllNewLogics">
    <ignored/>
  </testcase> <!-- test4 -->
  <testcase name="square" time="0.0" classname="org.com.automation.practise.AllNewLogics">
    <ignored/>
  </testcase> <!-- square -->
  <testcase name="test17" time="0.0" classname="org.com.automation.practise.AllNewLogics">
    <ignored/>
  </testcase> <!-- test17 -->
  <testcase name="test5" time="0.0" classname="org.com.automation.practise.AllNewLogics">
    <ignored/>
  </testcase> <!-- test5 -->
  <testcase name="test6" time="0.0" classname="org.com.automation.practise.AllNewLogics">
    <ignored/>
  </testcase> <!-- test6 -->
</testsuite> <!-- chrome test -->
